<?xml version="1.0" encoding="UTF-8"?>
<robot generator="Robot 3.2.1 (Python 3.8.3 on win32)" generated="20200728 13:37:30.716" rpa="false">
<suite id="s1" name="Browser" source="C:\Users\Arthur\Documents\ProyectosProgra III\ProyectoProgra\browser.robot">
<test id="s1-t1" name="For-Loop-In-Range">
<kw name="${INDEX} IN RANGE [ 1 | 5 ]" type="for">
<kw name="${INDEX} = 1" type="foritem">
<kw name="Open Browser To Login Page">
<kw name="Open Browser" library="SeleniumLibrary">
<doc>Opens a new browser instance to the optional ``url``.</doc>
<arguments>
<arg>${LOGIN URL}</arg>
<arg>${BROWSER}</arg>
</arguments>
<msg timestamp="20200728 13:37:30.917" level="INFO">Opening browser 'Chrome' to base url 'http://127.0.0.1:8000/login/'.</msg>
<status status="PASS" starttime="20200728 13:37:30.917" endtime="20200728 13:37:34.157"></status>
</kw>
<kw name="Title Should Be" library="SeleniumLibrary">
<doc>Verifies that the current page title equals ``title``.</doc>
<arguments>
<arg>Iniciar sesión</arg>
</arguments>
<msg timestamp="20200728 13:37:34.162" level="INFO">Page title is 'Iniciar sesión'.</msg>
<status status="PASS" starttime="20200728 13:37:34.157" endtime="20200728 13:37:34.162"></status>
</kw>
<status status="PASS" starttime="20200728 13:37:30.917" endtime="20200728 13:37:34.163"></status>
</kw>
<kw name="Input Username">
<arguments>
<arg>prueba</arg>
</arguments>
<kw name="Input Text" library="SeleniumLibrary">
<doc>Types the given ``text`` into the text field identified by ``locator``.</doc>
<arguments>
<arg>username</arg>
<arg>${username}</arg>
</arguments>
<msg timestamp="20200728 13:37:34.164" level="INFO">Typing text 'prueba' into text field 'username'.</msg>
<status status="PASS" starttime="20200728 13:37:34.163" endtime="20200728 13:37:34.258"></status>
</kw>
<status status="PASS" starttime="20200728 13:37:34.163" endtime="20200728 13:37:34.258"></status>
</kw>
<kw name="Input Password">
<arguments>
<arg>qwe123rty</arg>
</arguments>
<kw name="Input Text" library="SeleniumLibrary">
<doc>Types the given ``text`` into the text field identified by ``locator``.</doc>
<arguments>
<arg>password</arg>
<arg>${password}</arg>
</arguments>
<msg timestamp="20200728 13:37:34.259" level="INFO">Typing text 'qwe123rty' into text field 'password'.</msg>
<status status="PASS" starttime="20200728 13:37:34.259" endtime="20200728 13:37:34.341"></status>
</kw>
<status status="PASS" starttime="20200728 13:37:34.258" endtime="20200728 13:37:34.341"></status>
</kw>
<kw name="Submit Credentials">
<kw name="Click Button" library="SeleniumLibrary">
<doc>Clicks the button identified by ``locator``.</doc>
<arguments>
<arg>btnLogin</arg>
</arguments>
<msg timestamp="20200728 13:37:34.341" level="INFO">Clicking button 'btnLogin'.</msg>
<status status="PASS" starttime="20200728 13:37:34.341" endtime="20200728 13:37:34.968"></status>
</kw>
<status status="PASS" starttime="20200728 13:37:34.341" endtime="20200728 13:37:34.968"></status>
</kw>
<kw name="Sleep" library="BuiltIn">
<doc>Pauses the test executed for the given time.</doc>
<arguments>
<arg>1s</arg>
</arguments>
<msg timestamp="20200728 13:37:35.968" level="INFO">Slept 1 second</msg>
<status status="PASS" starttime="20200728 13:37:34.968" endtime="20200728 13:37:35.968"></status>
</kw>
<kw name="Close Browser" library="SeleniumLibrary">
<doc>Closes the current browser.</doc>
<status status="PASS" starttime="20200728 13:37:35.968" endtime="20200728 13:37:38.065"></status>
</kw>
<status status="PASS" starttime="20200728 13:37:30.917" endtime="20200728 13:37:38.065"></status>
</kw>
<kw name="${INDEX} = 2" type="foritem">
<kw name="Open Browser To Login Page">
<kw name="Open Browser" library="SeleniumLibrary">
<doc>Opens a new browser instance to the optional ``url``.</doc>
<arguments>
<arg>${LOGIN URL}</arg>
<arg>${BROWSER}</arg>
</arguments>
<msg timestamp="20200728 13:37:38.065" level="INFO">Opening browser 'Chrome' to base url 'http://127.0.0.1:8000/login/'.</msg>
<status status="PASS" starttime="20200728 13:37:38.065" endtime="20200728 13:37:41.304"></status>
</kw>
<kw name="Title Should Be" library="SeleniumLibrary">
<doc>Verifies that the current page title equals ``title``.</doc>
<arguments>
<arg>Iniciar sesión</arg>
</arguments>
<msg timestamp="20200728 13:37:41.310" level="INFO">Page title is 'Iniciar sesión'.</msg>
<status status="PASS" starttime="20200728 13:37:41.304" endtime="20200728 13:37:41.310"></status>
</kw>
<status status="PASS" starttime="20200728 13:37:38.065" endtime="20200728 13:37:41.310"></status>
</kw>
<kw name="Input Username">
<arguments>
<arg>prueba</arg>
</arguments>
<kw name="Input Text" library="SeleniumLibrary">
<doc>Types the given ``text`` into the text field identified by ``locator``.</doc>
<arguments>
<arg>username</arg>
<arg>${username}</arg>
</arguments>
<msg timestamp="20200728 13:37:41.311" level="INFO">Typing text 'prueba' into text field 'username'.</msg>
<status status="PASS" starttime="20200728 13:37:41.310" endtime="20200728 13:37:41.409"></status>
</kw>
<status status="PASS" starttime="20200728 13:37:41.310" endtime="20200728 13:37:41.409"></status>
</kw>
<kw name="Input Password">
<arguments>
<arg>qwe123rty</arg>
</arguments>
<kw name="Input Text" library="SeleniumLibrary">
<doc>Types the given ``text`` into the text field identified by ``locator``.</doc>
<arguments>
<arg>password</arg>
<arg>${password}</arg>
</arguments>
<msg timestamp="20200728 13:37:41.409" level="INFO">Typing text 'qwe123rty' into text field 'password'.</msg>
<status status="PASS" starttime="20200728 13:37:41.409" endtime="20200728 13:37:41.495"></status>
</kw>
<status status="PASS" starttime="20200728 13:37:41.409" endtime="20200728 13:37:41.495"></status>
</kw>
<kw name="Submit Credentials">
<kw name="Click Button" library="SeleniumLibrary">
<doc>Clicks the button identified by ``locator``.</doc>
<arguments>
<arg>btnLogin</arg>
</arguments>
<msg timestamp="20200728 13:37:41.495" level="INFO">Clicking button 'btnLogin'.</msg>
<status status="PASS" starttime="20200728 13:37:41.495" endtime="20200728 13:37:42.049"></status>
</kw>
<status status="PASS" starttime="20200728 13:37:41.495" endtime="20200728 13:37:42.049"></status>
</kw>
<kw name="Sleep" library="BuiltIn">
<doc>Pauses the test executed for the given time.</doc>
<arguments>
<arg>1s</arg>
</arguments>
<msg timestamp="20200728 13:37:43.051" level="INFO">Slept 1 second</msg>
<status status="PASS" starttime="20200728 13:37:42.049" endtime="20200728 13:37:43.051"></status>
</kw>
<kw name="Close Browser" library="SeleniumLibrary">
<doc>Closes the current browser.</doc>
<status status="PASS" starttime="20200728 13:37:43.051" endtime="20200728 13:37:45.134"></status>
</kw>
<status status="PASS" starttime="20200728 13:37:38.065" endtime="20200728 13:37:45.134"></status>
</kw>
<kw name="${INDEX} = 3" type="foritem">
<kw name="Open Browser To Login Page">
<kw name="Open Browser" library="SeleniumLibrary">
<doc>Opens a new browser instance to the optional ``url``.</doc>
<arguments>
<arg>${LOGIN URL}</arg>
<arg>${BROWSER}</arg>
</arguments>
<msg timestamp="20200728 13:37:45.135" level="INFO">Opening browser 'Chrome' to base url 'http://127.0.0.1:8000/login/'.</msg>
<status status="PASS" starttime="20200728 13:37:45.134" endtime="20200728 13:37:48.369"></status>
</kw>
<kw name="Title Should Be" library="SeleniumLibrary">
<doc>Verifies that the current page title equals ``title``.</doc>
<arguments>
<arg>Iniciar sesión</arg>
</arguments>
<msg timestamp="20200728 13:37:48.377" level="INFO">Page title is 'Iniciar sesión'.</msg>
<status status="PASS" starttime="20200728 13:37:48.369" endtime="20200728 13:37:48.377"></status>
</kw>
<status status="PASS" starttime="20200728 13:37:45.134" endtime="20200728 13:37:48.377"></status>
</kw>
<kw name="Input Username">
<arguments>
<arg>prueba</arg>
</arguments>
<kw name="Input Text" library="SeleniumLibrary">
<doc>Types the given ``text`` into the text field identified by ``locator``.</doc>
<arguments>
<arg>username</arg>
<arg>${username}</arg>
</arguments>
<msg timestamp="20200728 13:37:48.378" level="INFO">Typing text 'prueba' into text field 'username'.</msg>
<status status="PASS" starttime="20200728 13:37:48.378" endtime="20200728 13:37:48.470"></status>
</kw>
<status status="PASS" starttime="20200728 13:37:48.377" endtime="20200728 13:37:48.470"></status>
</kw>
<kw name="Input Password">
<arguments>
<arg>qwe123rty</arg>
</arguments>
<kw name="Input Text" library="SeleniumLibrary">
<doc>Types the given ``text`` into the text field identified by ``locator``.</doc>
<arguments>
<arg>password</arg>
<arg>${password}</arg>
</arguments>
<msg timestamp="20200728 13:37:48.470" level="INFO">Typing text 'qwe123rty' into text field 'password'.</msg>
<status status="PASS" starttime="20200728 13:37:48.470" endtime="20200728 13:37:48.542"></status>
</kw>
<status status="PASS" starttime="20200728 13:37:48.470" endtime="20200728 13:37:48.542"></status>
</kw>
<kw name="Submit Credentials">
<kw name="Click Button" library="SeleniumLibrary">
<doc>Clicks the button identified by ``locator``.</doc>
<arguments>
<arg>btnLogin</arg>
</arguments>
<msg timestamp="20200728 13:37:48.542" level="INFO">Clicking button 'btnLogin'.</msg>
<status status="PASS" starttime="20200728 13:37:48.542" endtime="20200728 13:37:49.094"></status>
</kw>
<status status="PASS" starttime="20200728 13:37:48.542" endtime="20200728 13:37:49.094"></status>
</kw>
<kw name="Sleep" library="BuiltIn">
<doc>Pauses the test executed for the given time.</doc>
<arguments>
<arg>1s</arg>
</arguments>
<msg timestamp="20200728 13:37:50.095" level="INFO">Slept 1 second</msg>
<status status="PASS" starttime="20200728 13:37:49.094" endtime="20200728 13:37:50.095"></status>
</kw>
<kw name="Close Browser" library="SeleniumLibrary">
<doc>Closes the current browser.</doc>
<status status="PASS" starttime="20200728 13:37:50.095" endtime="20200728 13:37:52.173"></status>
</kw>
<status status="PASS" starttime="20200728 13:37:45.134" endtime="20200728 13:37:52.173"></status>
</kw>
<kw name="${INDEX} = 4" type="foritem">
<kw name="Open Browser To Login Page">
<kw name="Open Browser" library="SeleniumLibrary">
<doc>Opens a new browser instance to the optional ``url``.</doc>
<arguments>
<arg>${LOGIN URL}</arg>
<arg>${BROWSER}</arg>
</arguments>
<msg timestamp="20200728 13:37:52.176" level="INFO">Opening browser 'Chrome' to base url 'http://127.0.0.1:8000/login/'.</msg>
<status status="PASS" starttime="20200728 13:37:52.176" endtime="20200728 13:37:55.373"></status>
</kw>
<kw name="Title Should Be" library="SeleniumLibrary">
<doc>Verifies that the current page title equals ``title``.</doc>
<arguments>
<arg>Iniciar sesión</arg>
</arguments>
<msg timestamp="20200728 13:37:55.380" level="INFO">Page title is 'Iniciar sesión'.</msg>
<status status="PASS" starttime="20200728 13:37:55.373" endtime="20200728 13:37:55.381"></status>
</kw>
<status status="PASS" starttime="20200728 13:37:52.174" endtime="20200728 13:37:55.381"></status>
</kw>
<kw name="Input Username">
<arguments>
<arg>prueba</arg>
</arguments>
<kw name="Input Text" library="SeleniumLibrary">
<doc>Types the given ``text`` into the text field identified by ``locator``.</doc>
<arguments>
<arg>username</arg>
<arg>${username}</arg>
</arguments>
<msg timestamp="20200728 13:37:55.381" level="INFO">Typing text 'prueba' into text field 'username'.</msg>
<status status="PASS" starttime="20200728 13:37:55.381" endtime="20200728 13:37:55.463"></status>
</kw>
<status status="PASS" starttime="20200728 13:37:55.381" endtime="20200728 13:37:55.463"></status>
</kw>
<kw name="Input Password">
<arguments>
<arg>qwe123rty</arg>
</arguments>
<kw name="Input Text" library="SeleniumLibrary">
<doc>Types the given ``text`` into the text field identified by ``locator``.</doc>
<arguments>
<arg>password</arg>
<arg>${password}</arg>
</arguments>
<msg timestamp="20200728 13:37:55.463" level="INFO">Typing text 'qwe123rty' into text field 'password'.</msg>
<status status="PASS" starttime="20200728 13:37:55.463" endtime="20200728 13:37:55.541"></status>
</kw>
<status status="PASS" starttime="20200728 13:37:55.463" endtime="20200728 13:37:55.541"></status>
</kw>
<kw name="Submit Credentials">
<kw name="Click Button" library="SeleniumLibrary">
<doc>Clicks the button identified by ``locator``.</doc>
<arguments>
<arg>btnLogin</arg>
</arguments>
<msg timestamp="20200728 13:37:55.541" level="INFO">Clicking button 'btnLogin'.</msg>
<status status="PASS" starttime="20200728 13:37:55.541" endtime="20200728 13:37:56.044"></status>
</kw>
<status status="PASS" starttime="20200728 13:37:55.541" endtime="20200728 13:37:56.044"></status>
</kw>
<kw name="Sleep" library="BuiltIn">
<doc>Pauses the test executed for the given time.</doc>
<arguments>
<arg>1s</arg>
</arguments>
<msg timestamp="20200728 13:37:57.047" level="INFO">Slept 1 second</msg>
<status status="PASS" starttime="20200728 13:37:56.044" endtime="20200728 13:37:57.047"></status>
</kw>
<kw name="Close Browser" library="SeleniumLibrary">
<doc>Closes the current browser.</doc>
<status status="PASS" starttime="20200728 13:37:57.047" endtime="20200728 13:37:59.127"></status>
</kw>
<status status="PASS" starttime="20200728 13:37:52.174" endtime="20200728 13:37:59.127"></status>
</kw>
<status status="PASS" starttime="20200728 13:37:30.917" endtime="20200728 13:37:59.127"></status>
</kw>
<tags>
<tag>NoTest</tag>
</tags>
<status status="PASS" starttime="20200728 13:37:30.917" endtime="20200728 13:37:59.128" critical="yes"></status>
</test>
<doc>SeleniumLibrary.</doc>
<status status="PASS" starttime="20200728 13:37:30.716" endtime="20200728 13:37:59.132"></status>
</suite>
<statistics>
<total>
<stat pass="1" fail="0">Critical Tests</stat>
<stat pass="1" fail="0">All Tests</stat>
</total>
<tag>
<stat pass="1" fail="0">NoTest</stat>
</tag>
<suite>
<stat pass="1" fail="0" id="s1" name="Browser">Browser</stat>
</suite>
</statistics>
<errors>
</errors>
</robot>
