<?xml version="1.0" encoding="UTF-8"?>
<robot generator="Robot 3.2.1 (Python 3.8.3 on win32)" generated="20200728 17:42:49.219" rpa="false">
<suite id="s1" name="Browser" source="C:\Users\Daniel\Desktop\Django\ProyectoProgra\browser.robot">
<test id="s1-t1" name="For-Loop-In-Range">
<kw name="${INDEX} IN RANGE [ 1 | 5 ]" type="for">
<kw name="${INDEX} = 1" type="foritem">
<kw name="Open Browser To Login Page">
<kw name="Open Browser" library="SeleniumLibrary">
<doc>Opens a new browser instance to the optional ``url``.</doc>
<arguments>
<arg>${LOGIN URL}</arg>
<arg>${BROWSER}</arg>
</arguments>
<msg timestamp="20200728 17:42:49.566" level="INFO">Opening browser 'Chrome' to base url 'http://127.0.0.1:8000/login/'.</msg>
<status status="PASS" starttime="20200728 17:42:49.566" endtime="20200728 17:42:53.174"></status>
</kw>
<kw name="Title Should Be" library="SeleniumLibrary">
<doc>Verifies that the current page title equals ``title``.</doc>
<arguments>
<arg>Iniciar sesión</arg>
</arguments>
<msg timestamp="20200728 17:42:53.181" level="INFO">Page title is 'Iniciar sesión'.</msg>
<status status="PASS" starttime="20200728 17:42:53.174" endtime="20200728 17:42:53.181"></status>
</kw>
<status status="PASS" starttime="20200728 17:42:49.566" endtime="20200728 17:42:53.183"></status>
</kw>
<kw name="Input Username">
<arguments>
<arg>dansot</arg>
</arguments>
<kw name="Input Text" library="SeleniumLibrary">
<doc>Types the given ``text`` into the text field identified by ``locator``.</doc>
<arguments>
<arg>username</arg>
<arg>${username}</arg>
</arguments>
<msg timestamp="20200728 17:42:53.184" level="INFO">Typing text 'dansot' into text field 'username'.</msg>
<status status="PASS" starttime="20200728 17:42:53.184" endtime="20200728 17:42:53.339"></status>
</kw>
<status status="PASS" starttime="20200728 17:42:53.183" endtime="20200728 17:42:53.339"></status>
</kw>
<kw name="Input Password">
<arguments>
<arg>jdrs.0012RS</arg>
</arguments>
<kw name="Input Text" library="SeleniumLibrary">
<doc>Types the given ``text`` into the text field identified by ``locator``.</doc>
<arguments>
<arg>password</arg>
<arg>${password}</arg>
</arguments>
<msg timestamp="20200728 17:42:53.341" level="INFO">Typing text 'jdrs.0012RS' into text field 'password'.</msg>
<status status="PASS" starttime="20200728 17:42:53.340" endtime="20200728 17:42:53.514"></status>
</kw>
<status status="PASS" starttime="20200728 17:42:53.339" endtime="20200728 17:42:53.516"></status>
</kw>
<kw name="Submit Credentials">
<kw name="Click Button" library="SeleniumLibrary">
<doc>Clicks the button identified by ``locator``.</doc>
<arguments>
<arg>btnLogin</arg>
</arguments>
<msg timestamp="20200728 17:42:53.517" level="INFO">Clicking button 'btnLogin'.</msg>
<status status="PASS" starttime="20200728 17:42:53.517" endtime="20200728 17:42:54.199"></status>
</kw>
<status status="PASS" starttime="20200728 17:42:53.516" endtime="20200728 17:42:54.200"></status>
</kw>
<kw name="Sleep" library="BuiltIn">
<doc>Pauses the test executed for the given time.</doc>
<arguments>
<arg>1s</arg>
</arguments>
<msg timestamp="20200728 17:42:55.203" level="INFO">Slept 1 second</msg>
<status status="PASS" starttime="20200728 17:42:54.200" endtime="20200728 17:42:55.203"></status>
</kw>
<kw name="Close Browser" library="SeleniumLibrary">
<doc>Closes the current browser.</doc>
<status status="PASS" starttime="20200728 17:42:55.204" endtime="20200728 17:42:57.498"></status>
</kw>
<status status="PASS" starttime="20200728 17:42:49.565" endtime="20200728 17:42:57.498"></status>
</kw>
<kw name="${INDEX} = 2" type="foritem">
<kw name="Open Browser To Login Page">
<kw name="Open Browser" library="SeleniumLibrary">
<doc>Opens a new browser instance to the optional ``url``.</doc>
<arguments>
<arg>${LOGIN URL}</arg>
<arg>${BROWSER}</arg>
</arguments>
<msg timestamp="20200728 17:42:57.500" level="INFO">Opening browser 'Chrome' to base url 'http://127.0.0.1:8000/login/'.</msg>
<status status="PASS" starttime="20200728 17:42:57.499" endtime="20200728 17:43:01.089"></status>
</kw>
<kw name="Title Should Be" library="SeleniumLibrary">
<doc>Verifies that the current page title equals ``title``.</doc>
<arguments>
<arg>Iniciar sesión</arg>
</arguments>
<msg timestamp="20200728 17:43:01.097" level="INFO">Page title is 'Iniciar sesión'.</msg>
<status status="PASS" starttime="20200728 17:43:01.089" endtime="20200728 17:43:01.097"></status>
</kw>
<status status="PASS" starttime="20200728 17:42:57.498" endtime="20200728 17:43:01.098"></status>
</kw>
<kw name="Input Username">
<arguments>
<arg>dansot</arg>
</arguments>
<kw name="Input Text" library="SeleniumLibrary">
<doc>Types the given ``text`` into the text field identified by ``locator``.</doc>
<arguments>
<arg>username</arg>
<arg>${username}</arg>
</arguments>
<msg timestamp="20200728 17:43:01.099" level="INFO">Typing text 'dansot' into text field 'username'.</msg>
<status status="PASS" starttime="20200728 17:43:01.099" endtime="20200728 17:43:01.251"></status>
</kw>
<status status="PASS" starttime="20200728 17:43:01.098" endtime="20200728 17:43:01.252"></status>
</kw>
<kw name="Input Password">
<arguments>
<arg>jdrs.0012RS</arg>
</arguments>
<kw name="Input Text" library="SeleniumLibrary">
<doc>Types the given ``text`` into the text field identified by ``locator``.</doc>
<arguments>
<arg>password</arg>
<arg>${password}</arg>
</arguments>
<msg timestamp="20200728 17:43:01.253" level="INFO">Typing text 'jdrs.0012RS' into text field 'password'.</msg>
<status status="PASS" starttime="20200728 17:43:01.252" endtime="20200728 17:43:01.404"></status>
</kw>
<status status="PASS" starttime="20200728 17:43:01.252" endtime="20200728 17:43:01.406"></status>
</kw>
<kw name="Submit Credentials">
<kw name="Click Button" library="SeleniumLibrary">
<doc>Clicks the button identified by ``locator``.</doc>
<arguments>
<arg>btnLogin</arg>
</arguments>
<msg timestamp="20200728 17:43:01.407" level="INFO">Clicking button 'btnLogin'.</msg>
<status status="PASS" starttime="20200728 17:43:01.406" endtime="20200728 17:43:01.947"></status>
</kw>
<status status="PASS" starttime="20200728 17:43:01.406" endtime="20200728 17:43:01.948"></status>
</kw>
<kw name="Sleep" library="BuiltIn">
<doc>Pauses the test executed for the given time.</doc>
<arguments>
<arg>1s</arg>
</arguments>
<msg timestamp="20200728 17:43:02.949" level="INFO">Slept 1 second</msg>
<status status="PASS" starttime="20200728 17:43:01.948" endtime="20200728 17:43:02.949"></status>
</kw>
<kw name="Close Browser" library="SeleniumLibrary">
<doc>Closes the current browser.</doc>
<status status="PASS" starttime="20200728 17:43:02.950" endtime="20200728 17:43:05.206"></status>
</kw>
<status status="PASS" starttime="20200728 17:42:57.498" endtime="20200728 17:43:05.207"></status>
</kw>
<kw name="${INDEX} = 3" type="foritem">
<kw name="Open Browser To Login Page">
<kw name="Open Browser" library="SeleniumLibrary">
<doc>Opens a new browser instance to the optional ``url``.</doc>
<arguments>
<arg>${LOGIN URL}</arg>
<arg>${BROWSER}</arg>
</arguments>
<msg timestamp="20200728 17:43:05.208" level="INFO">Opening browser 'Chrome' to base url 'http://127.0.0.1:8000/login/'.</msg>
<status status="PASS" starttime="20200728 17:43:05.208" endtime="20200728 17:43:08.809"></status>
</kw>
<kw name="Title Should Be" library="SeleniumLibrary">
<doc>Verifies that the current page title equals ``title``.</doc>
<arguments>
<arg>Iniciar sesión</arg>
</arguments>
<msg timestamp="20200728 17:43:08.816" level="INFO">Page title is 'Iniciar sesión'.</msg>
<status status="PASS" starttime="20200728 17:43:08.809" endtime="20200728 17:43:08.817"></status>
</kw>
<status status="PASS" starttime="20200728 17:43:05.207" endtime="20200728 17:43:08.817"></status>
</kw>
<kw name="Input Username">
<arguments>
<arg>dansot</arg>
</arguments>
<kw name="Input Text" library="SeleniumLibrary">
<doc>Types the given ``text`` into the text field identified by ``locator``.</doc>
<arguments>
<arg>username</arg>
<arg>${username}